0 info it worked if it ends with ok
1 verbose cli [ '/usr/local/bin/node',
1 verbose cli   '/usr/local/bin/npm',
1 verbose cli   'install',
1 verbose cli   'package.json' ]
2 info using npm@2.15.9
3 info using node@v4.6.1
4 verbose install initial load of /Users/asonawane/WebstormProjects/traversal/package.json
5 warn package.json traversal@1.0.0 No repository field.
6 verbose readDependencies loading dependencies from /Users/asonawane/WebstormProjects/traversal/package.json
7 silly cache add args [ 'package.json', null ]
8 verbose cache add spec package.json
9 silly cache add parsed spec Result {
9 silly cache add   raw: 'package.json',
9 silly cache add   scope: null,
9 silly cache add   name: null,
9 silly cache add   rawSpec: 'package.json',
9 silly cache add   spec: '/Users/asonawane/WebstormProjects/traversal/package.json',
9 silly cache add   type: 'local' }
10 silly addLocalTarball shasum (computed) 4b59b2fb730abca46c6891f0fa180f95e2432fc7
11 verbose addTmpTarball /Users/asonawane/WebstormProjects/traversal/package.json not in flight; adding
12 verbose correctMkdir /Users/asonawane/.npm correctMkdir not in flight; initializing
13 verbose addTmpTarball validating metadata from /Users/asonawane/WebstormProjects/traversal/package.json
14 verbose tar unpack /Users/asonawane/WebstormProjects/traversal/package.json
15 verbose tar unpacking to /var/folders/tj/f3sj4znd0bncxfn_mygk9sv9_5rg64/T/npm-63505-d146aa35/unpack-e9578178bd77
16 silly gentlyRm /var/folders/tj/f3sj4znd0bncxfn_mygk9sv9_5rg64/T/npm-63505-d146aa35/unpack-e9578178bd77 is being purged
17 verbose gentlyRm don't care about contents; nuking /var/folders/tj/f3sj4znd0bncxfn_mygk9sv9_5rg64/T/npm-63505-d146aa35/unpack-e9578178bd77
18 silly gunzTarPerm modes [ '755', '644' ]
19 error not a package /Users/asonawane/WebstormProjects/traversal/package.json
20 error addLocal Could not install /Users/asonawane/WebstormProjects/traversal/package.json
21 verbose stack Error: ENOENT: no such file or directory, open '/var/folders/tj/f3sj4znd0bncxfn_mygk9sv9_5rg64/T/npm-63505-d146aa35/unpack-e9578178bd77/package.json'
21 verbose stack     at Error (native)
22 verbose cwd /Users/asonawane/WebstormProjects/traversal
23 error Darwin 15.6.0
24 error argv "/usr/local/bin/node" "/usr/local/bin/npm" "install" "package.json"
25 error node v4.6.1
26 error npm  v2.15.9
27 error path /var/folders/tj/f3sj4znd0bncxfn_mygk9sv9_5rg64/T/npm-63505-d146aa35/unpack-e9578178bd77/package.json
28 error code ENOENT
29 error errno -2
30 error syscall open
31 error enoent ENOENT: no such file or directory, open '/var/folders/tj/f3sj4znd0bncxfn_mygk9sv9_5rg64/T/npm-63505-d146aa35/unpack-e9578178bd77/package.json'
31 error enoent This is most likely not a problem with npm itself
31 error enoent and is related to npm not being able to find a file.
32 verbose exit [ -2, true ]
